<?xml version="1.0" encoding="UTF-8"?>
<!-- Generated by org.testng.reporters.JUnitXMLReporter -->
<testsuite hostname="qaplanet-PC" ignored="0" name="Test" tests="3" failures="0" timestamp="21 Dec 2019 11:30:54 GMT" time="28.144" errors="0">
  <testcase name="TC21" time="13.445" classname="MaveanGI.MavenAI.LoginTest"/>
  <testcase name="TC2" time="14.655" classname="MaveanGI.MavenAI.Login_TC2Test"/>
  <testcase name="f" time="0.002" classname="MaveanGI.MavenAI.SikuliTest"/>
</testsuite> <!-- Test -->
