<?xml version="1.0" encoding="UTF-8"?>
<!-- Generated by org.testng.reporters.JUnitXMLReporter -->
<testsuite hostname="qaplanet-PC" ignored="0" name="Test" tests="3" failures="0" timestamp="07 Mar 2020 06:07:39 GMT" time="31.521" errors="0">
  <testcase name="TC21" time="16.432" classname="MaveanGI.MavenAI.LoginTest"/>
  <testcase name="TC2" time="15.052" classname="MaveanGI.MavenAI.Login_TC2Test"/>
  <testcase name="f" time="0.001" classname="MaveanGI.MavenAI.SikuliTest"/>
</testsuite> <!-- Test -->
