<?xml version="1.0" encoding="UTF-8"?>
<!-- Generated by org.testng.reporters.JUnitXMLReporter -->
<testsuite hostname="qaplanet-PC" ignored="0" name="Default test" tests="6" failures="0" timestamp="12 Dec 2019 04:00:30 GMT" time="76.191" errors="0">
  <testcase name="TC2_1" time="1.689" classname="testng.FrameworkRegressionTestFinal"/>
  <testcase name="TC2_2" time="7.101" classname="testng.FrameworkRegressionTestFinal"/>
  <testcase name="TC2_3" time="1.23" classname="testng.FrameworkRegressionTestFinal"/>
  <testcase name="TC2_4" time="0.18" classname="testng.FrameworkRegressionTestFinal"/>
  <testcase name="TC3" time="6.354" classname="testng.FrameworkRegressionTestFinal"/>
  <testcase name="TC4" time="2.197" classname="testng.FrameworkRegressionTestFinal"/>
</testsuite> <!-- Default test -->
