<?xml version="1.0" encoding="UTF-8"?>
<!-- Generated by org.testng.reporters.JUnitXMLReporter -->
<testsuite hostname="qaplanet-PC" ignored="0" name="Default test" tests="4" failures="0" timestamp="13 Dec 2019 13:15:34 GMT" time="38.018" errors="0">
  <testcase name="TC1" time="11.369" classname="datadriven.Datadrv"/>
  <testcase name="TC1" time="8.867" classname="datadriven.Datadrv"/>
  <testcase name="TC1" time="8.776" classname="datadriven.Datadrv"/>
  <testcase name="TC1" time="8.975" classname="datadriven.Datadrv"/>
</testsuite> <!-- Default test -->
