<?xml version="1.0" encoding="UTF-8"?>
<testng-results skipped="0" failed="0" ignored="0" total="1" passed="1">
  <reporter-output>
  </reporter-output>
  <suite name="Default suite" duration-ms="9226" started-at="2020-01-10T07:50:57Z" finished-at="2020-01-10T07:51:06Z">
    <groups>
    </groups>
    <test name="Default test" duration-ms="9226" started-at="2020-01-10T07:50:57Z" finished-at="2020-01-10T07:51:06Z">
      <class name="sadarpom.Pomrun">
        <test-method status="PASS" signature="tc222()[pri:0, instance:sadarpom.Pomrun@523884b2]" name="tc222" duration-ms="9164" started-at="2020-01-10T07:50:57Z" finished-at="2020-01-10T07:51:06Z">
          <reporter-output>
          </reporter-output>
        </test-method> <!-- tc222 -->
      </class> <!-- sadarpom.Pomrun -->
    </test> <!-- Default test -->
  </suite> <!-- Default suite -->
</testng-results>
