<?xml version="1.0" encoding="UTF-8"?>
<testng-results skipped="0" failed="0" ignored="0" total="1" passed="1">
  <reporter-output>
  </reporter-output>
  <suite name="Default suite" duration-ms="16537" started-at="2019-12-04T06:48:17Z" finished-at="2019-12-04T06:48:34Z">
    <groups>
    </groups>
    <test name="Default test" duration-ms="16537" started-at="2019-12-04T06:48:17Z" finished-at="2019-12-04T06:48:34Z">
      <class name="MaveanGI.MavenAI.Login_TC2Test">
        <test-method status="PASS" signature="TC2()[pri:0, instance:MaveanGI.MavenAI.Login_TC2Test@4c70fda8]" name="TC2" duration-ms="16503" started-at="2019-12-04T06:48:17Z" finished-at="2019-12-04T06:48:34Z">
          <reporter-output>
          </reporter-output>
        </test-method> <!-- TC2 -->
      </class> <!-- MaveanGI.MavenAI.Login_TC2Test -->
    </test> <!-- Default test -->
  </suite> <!-- Default suite -->
</testng-results>
