<?xml version="1.0" encoding="UTF-8"?>
<!-- Generated by org.testng.reporters.JUnitXMLReporter -->
<testsuite hostname="qaplanet-PC" ignored="0" name="Test" tests="3" failures="1" timestamp="09 Aug 2019 05:45:11 GMT" time="39.744" errors="0">
  <testcase name="TC2_1" time="2.257" classname="testng.FW1"/>
  <testcase name="TC2_2" time="13.791" classname="testng.FW2"/>
  <testcase name="TC2_4" time="0.015" classname="testng.FW1">
    <failure type="java.lang.Error" message="Unresolved compilation problems: 
	Syntax error, insert &amp;quot;enum Identifier&amp;quot; to complete EnumHeader
	Syntax error, insert &amp;quot;EnumBody&amp;quot; to complete BlockStatement
">
      <![CDATA[java.lang.Error: Unresolved compilation problems: 
Syntax error, insert "enum Identifier" to complete EnumHeader
Syntax error, insert "EnumBody" to complete BlockStatement

at testng.FW1.TC2_4(FW1.java:36)
... Removed 25 stack frames]]>
    </failure>
  </testcase> <!-- TC2_4 -->
</testsuite> <!-- Test -->
