<?xml version="1.0" encoding="UTF-8"?>
<!-- Generated by org.testng.reporters.JUnitXMLReporter -->
<testsuite hostname="qaplanet-PC" ignored="2" name="test1" tests="1" failures="0" timestamp="16 Jul 2019 14:08:25 GMT" time="10.762" errors="0">
  <testcase name="TC21" time="10.727" classname="dependency.GrpsRun"/>
  <testcase name="TC4" time="0.0" classname="dependency.GrpsRun">
    <ignored/>
  </testcase> <!-- TC4 -->
  <testcase name="TC3" time="0.0" classname="dependency.GrpsRun">
    <ignored/>
  </testcase> <!-- TC3 -->
</testsuite> <!-- test1 -->
