<?xml version="1.0" encoding="UTF-8"?>
<!-- Generated by org.testng.reporters.JUnitXMLReporter -->
<testsuite hostname="qaplanet-PC" ignored="0" name="Test1" tests="1" failures="1" timestamp="21 Nov 2019 06:18:17 GMT" time="119.364" errors="0">
  <testcase name="CrB" time="119.329" classname="cross.Cr">
    <failure type="java.lang.AssertionError" message="expected [OrangeHRM] but found [OrangeHRM - New Level of HR Management]">
      <![CDATA[java.lang.AssertionError: expected [OrangeHRM] but found [OrangeHRM - New Level of HR Management]
at cross.Cr.CrB(Cr.java:40)
at java.util.concurrent.FutureTask.run(Unknown Source)
at java.util.concurrent.ThreadPoolExecutor.runWorker(Unknown Source)
at java.util.concurrent.ThreadPoolExecutor$Worker.run(Unknown Source)
at java.lang.Thread.run(Unknown Source)
... Removed 22 stack frames]]>
    </failure>
  </testcase> <!-- CrB -->
</testsuite> <!-- Test1 -->
